[2010-10-30 05:04:10] INFO  WEBrick 1.3.1
[2010-10-30 05:04:10] INFO  ruby 1.8.7 (2010-08-16) [i686-darwin10.4.0]
[2010-10-30 05:04:10] INFO  WEBrick::HTTPServer#start: pid=44280 port=4567
localhost - - [30/Oct/2010:05:04:19 EDT] "GET / HTTP/1.1" 200 1638
- -> /
localhost - - [30/Oct/2010:05:04:19 EDT] "GET /screen.css HTTP/1.1" 304 0
Referer -> /screen.css
localhost - - [30/Oct/2010:05:04:19 EDT] "GET /octocat.png HTTP/1.1" 304 0
Referer -> /octocat.png
localhost - - [30/Oct/2010:05:04:19 EDT] "GET /favicon.ico HTTP/1.1" 200 3638
Referer -> /favicon.ico
[2010-10-30 05:04:51] INFO  going to shutdown ...
[2010-10-30 05:04:51] INFO  WEBrick::HTTPServer#start done.
== Sinatra/1.1.0 has taken the stage on 4567 for development with backup from WEBrick
Can't load Campfire notifier.
Please add the following to your project's .git/config:
[campfire]
	token = your_api_token
	subdomain = whatever
	room = Awesomeness
	ssl = false

== Sinatra has ended his set (crowd applauds)
